
  .   ____          _            __ _ _
 /\\ / ___'_ __ _ _(_)_ __  __ _ \ \ \ \
( ( )\___ | '_ | '_| | '_ \/ _` | \ \ \ \
 \\/  ___)| |_)| | | | | || (_| |  ) ) ) )
  '  |____| .__|_| |_|_| |_\__, | / / / /
 =========|_|==============|___/=/_/_/_/

 :: Spring Boot ::                (v4.0.6)

2026-05-02T12:21:51.322+05:30  INFO 14552 --- [productservice] [           main] c.s.p.ProductserviceApplication          : Starting ProductserviceApplication using Java 21.0.10 with PID 14552 (C:\Users\Ishika Baid\Desktop\Project\productservice\target\classes started by Ishika Baid in C:\Users\Ishika Baid\Desktop\Project\productservice)
2026-05-02T12:21:51.331+05:30  INFO 14552 --- [productservice] [           main] c.s.p.ProductserviceApplication          : No active profile set, falling back to 1 default profile: "default"
2026-05-02T12:21:53.345+05:30  INFO 14552 --- [productservice] [           main] .s.d.r.c.RepositoryConfigurationDelegate : Bootstrapping Spring Data JPA repositories in DEFAULT mode.
2026-05-02T12:21:53.459+05:30  INFO 14552 --- [productservice] [           main] .s.d.r.c.RepositoryConfigurationDelegate : Finished Spring Data repository scanning in 94 ms. Found 1 JPA repository interface.
2026-05-02T12:21:54.986+05:30  INFO 14552 --- [productservice] [           main] o.s.boot.tomcat.TomcatWebServer          : Tomcat initialized with port 8080 (http)
2026-05-02T12:21:55.011+05:30  INFO 14552 --- [productservice] [           main] o.apache.catalina.core.StandardService   : Starting service [Tomcat]
2026-05-02T12:21:55.012+05:30  INFO 14552 --- [productservice] [           main] o.apache.catalina.core.StandardEngine    : Starting Servlet engine: [Apache Tomcat/11.0.21]
2026-05-02T12:21:55.139+05:30  INFO 14552 --- [productservice] [           main] b.w.c.s.WebApplicationContextInitializer : Root WebApplicationContext: initialization completed in 3595 ms
2026-05-02T12:21:55.707+05:30  INFO 14552 --- [productservice] [           main] com.zaxxer.hikari.HikariDataSource       : HikariPool-1 - Starting...
2026-05-02T12:21:56.151+05:30  INFO 14552 --- [productservice] [           main] com.zaxxer.hikari.pool.HikariPool        : HikariPool-1 - Added connection conn0: url=jdbc:h2:mem:userDB user=SA
2026-05-02T12:21:56.155+05:30  INFO 14552 --- [productservice] [           main] com.zaxxer.hikari.HikariDataSource       : HikariPool-1 - Start completed.
2026-05-02T12:21:56.244+05:30  INFO 14552 --- [productservice] [           main] org.hibernate.orm.jpa                    : HHH008540: Processing PersistenceUnitInfo [name: default]
2026-05-02T12:21:56.412+05:30  INFO 14552 --- [productservice] [           main] org.hibernate.orm.core                   : HHH000001: Hibernate ORM core version 7.2.12.Final
2026-05-02T12:21:57.610+05:30  INFO 14552 --- [productservice] [           main] o.s.o.j.p.SpringPersistenceUnitInfo      : No LoadTimeWeaver setup: ignoring JPA class transformer
2026-05-02T12:21:57.765+05:30  INFO 14552 --- [productservice] [           main] org.hibernate.orm.connections.pooling    : HHH10001005: Database info:
	Database JDBC URL [jdbc:h2:mem:userDB]
	Database driver: H2 JDBC Driver
	Database dialect: H2Dialect
	Database version: 2.4.240
	Default catalog/schema: USERDB/PUBLIC
	Autocommit mode: undefined/unknown
	Isolation level: READ_COMMITTED [default READ_COMMITTED]
	JDBC fetch size: 100
	Pool: DataSourceConnectionProvider
	Minimum pool size: undefined/unknown
	Maximum pool size: undefined/unknown
2026-05-02T12:21:59.439+05:30  INFO 14552 --- [productservice] [           main] org.hibernate.orm.core                   : HHH000489: No JTA platform available (set 'hibernate.transaction.jta.platform' to enable JTA platform integration)
Hibernate: 
    drop table if exists product_details cascade 
Hibernate: 
    create table product_details (
        available boolean,
        price numeric(38,2) not null,
        quantity integer not null check ((quantity>=0)),
        created_at timestamp(6),
        id bigint generated by default as identity,
        updated_at timestamp(6),
        brand varchar(255),
        category varchar(255) not null,
        description varchar(255) not null,
        name varchar(255) not null,
        primary key (id)
    )
2026-05-02T12:21:59.532+05:30  INFO 14552 --- [productservice] [           main] j.LocalContainerEntityManagerFactoryBean : Initialized JPA EntityManagerFactory for persistence unit 'default'
2026-05-02T12:21:59.886+05:30  INFO 14552 --- [productservice] [           main] o.s.d.j.r.query.QueryEnhancerFactories   : Hibernate is in classpath; If applicable, HQL parser will be used.
2026-05-02T12:22:00.624+05:30  WARN 14552 --- [productservice] [           main] JpaBaseConfiguration$JpaWebConfiguration : spring.jpa.open-in-view is enabled by default. Therefore, database queries may be performed during view rendering. Explicitly configure spring.jpa.open-in-view to disable this warning
2026-05-02T12:22:01.675+05:30  INFO 14552 --- [productservice] [           main] o.s.b.h.a.H2ConsoleAutoConfiguration     : H2 console available at '/h2-console'. Database available at 'jdbc:h2:mem:userDB'
2026-05-02T12:22:01.850+05:30  INFO 14552 --- [productservice] [           main] o.s.boot.tomcat.TomcatWebServer          : Tomcat started on port 8080 (http) with context path '/'
2026-05-02T12:22:01.862+05:30  INFO 14552 --- [productservice] [           main] c.s.p.ProductserviceApplication          : Started ProductserviceApplication in 11.96 seconds (process running for 13.141)
2026-05-02T12:22:14.178+05:30  INFO 14552 --- [productservice] [nio-8080-exec-2] o.a.c.c.C.[Tomcat].[localhost].[/]       : Initializing Spring DispatcherServlet 'dispatcherServlet'
2026-05-02T12:22:14.179+05:30  INFO 14552 --- [productservice] [nio-8080-exec-2] o.s.web.servlet.DispatcherServlet        : Initializing Servlet 'dispatcherServlet'
2026-05-02T12:22:14.184+05:30  INFO 14552 --- [productservice] [nio-8080-exec-2] o.s.web.servlet.DispatcherServlet        : Completed initialization in 3 ms
Method Execution started successfully---------
Logging before save Product method----------------------------
Method Execution started successfully---------2026-05-02T12:22:14.874095700
Hibernate: 
    insert 
    into
        product_details
        (available, brand, category, created_at, description, name, price, quantity, updated_at, id) 
    values
        (?, ?, ?, ?, ?, ?, ?, ?, ?, default)
Method execution ended successfully---------2026-05-02T12:22:15.204332400
Method Execution started successfully---------2026-05-02T12:22:15.204332400
Method execution ended successfully---------2026-05-02T12:22:15.205365900
Method execution ended successfully---------
Total execution time taken --------345 ms.
2026-05-02T12:29:17.891+05:30  INFO 14552 --- [productservice] [ionShutdownHook] o.s.boot.tomcat.GracefulShutdown         : Commencing graceful shutdown. Waiting for active requests to complete
2026-05-02T12:29:17.953+05:30  INFO 14552 --- [productservice] [tomcat-shutdown] o.s.boot.tomcat.GracefulShutdown         : Graceful shutdown complete
2026-05-02T12:29:18.030+05:30  INFO 14552 --- [productservice] [ionShutdownHook] j.LocalContainerEntityManagerFactoryBean : Closing JPA EntityManagerFactory for persistence unit 'default'
Hibernate: 
    drop table if exists product_details cascade 
2026-05-02T12:29:18.233+05:30  INFO 14552 --- [productservice] [ionShutdownHook] com.zaxxer.hikari.HikariDataSource       : HikariPool-1 - Shutdown initiated...
2026-05-02T12:29:18.322+05:30  INFO 14552 --- [productservice] [ionShutdownHook] com.zaxxer.hikari.HikariDataSource       : HikariPool-1 - Shutdown completed.
